c:\repo\reftest\library2\debug\library2.pch
c:\repo\reftest\library2\debug\vc120.pdb
c:\repo\reftest\library2\debug\stdafx.obj
c:\repo\reftest\library2\debug\library2.obj
c:\repo\reftest\library2\debug\assemblyinfo.obj
c:\repo\reftest\library2\debug\.netframework,version=v4.5.assemblyattributes.obj
c:\repo\reftest\library1\debug\library2.dll
c:\repo\reftest\library1\debug\library2.pdb
c:\repo\reftest\library2\debug\app.res
c:\repo\reftest\library2\debug\library2.tlog\cl.command.1.tlog
c:\repo\reftest\library2\debug\library2.tlog\cl.read.1.tlog
c:\repo\reftest\library2\debug\library2.tlog\cl.write.1.tlog
c:\repo\reftest\library2\debug\library2.tlog\link.command.1.tlog
c:\repo\reftest\library2\debug\library2.tlog\link.read.1.tlog
c:\repo\reftest\library2\debug\library2.tlog\link.write.1.tlog
c:\repo\reftest\library2\debug\library2.tlog\metagen.read.1.tlog
c:\repo\reftest\library2\debug\library2.tlog\metagen.write.1.tlog
c:\repo\reftest\library2\debug\library2.tlog\rc.command.1.tlog
c:\repo\reftest\library2\debug\library2.tlog\rc.read.1.tlog
c:\repo\reftest\library2\debug\library2.tlog\rc.write.1.tlog
c:\repo\reftest\library2\debug\library2.tlog\tzres.dll.bi
