c:\repo\reftest\library1\library1\debug\library1.pch
c:\repo\reftest\library1\library1\debug\vc120.pdb
c:\repo\reftest\library1\library1\debug\stdafx.obj
c:\repo\reftest\library1\library1\debug\library1.obj
c:\repo\reftest\library1\library1\debug\assemblyinfo.obj
c:\repo\reftest\library1\library1\debug\.netframework,version=v4.5.assemblyattributes.obj
c:\repo\reftest\library1\library1\debug\app.res
c:\repo\reftest\library1\debug\library1.pdb
c:\repo\reftest\library1\library1\debug\library1.tlog\cl.command.1.tlog
c:\repo\reftest\library1\library1\debug\library1.tlog\cl.read.1.tlog
c:\repo\reftest\library1\library1\debug\library1.tlog\cl.write.1.tlog
c:\repo\reftest\library1\library1\debug\library1.tlog\link.12364-cvtres.read.1.tlog
c:\repo\reftest\library1\library1\debug\library1.tlog\link.12364-cvtres.write.1.tlog
c:\repo\reftest\library1\library1\debug\library1.tlog\link.12364-rc.read.1.tlog
c:\repo\reftest\library1\library1\debug\library1.tlog\link.12364-rc.write.1.tlog
c:\repo\reftest\library1\library1\debug\library1.tlog\link.12364.read.1.tlog
c:\repo\reftest\library1\library1\debug\library1.tlog\link.12364.write.1.tlog
c:\repo\reftest\library1\library1\debug\library1.tlog\link.12948-cvtres.read.1.tlog
c:\repo\reftest\library1\library1\debug\library1.tlog\link.12948-cvtres.write.1.tlog
c:\repo\reftest\library1\library1\debug\library1.tlog\link.12948-rc.read.1.tlog
c:\repo\reftest\library1\library1\debug\library1.tlog\link.12948-rc.write.1.tlog
c:\repo\reftest\library1\library1\debug\library1.tlog\link.12948.read.1.tlog
c:\repo\reftest\library1\library1\debug\library1.tlog\link.12948.write.1.tlog
c:\repo\reftest\library1\library1\debug\library1.tlog\link.2580-cvtres.read.1.tlog
c:\repo\reftest\library1\library1\debug\library1.tlog\link.2580-cvtres.write.1.tlog
c:\repo\reftest\library1\library1\debug\library1.tlog\link.2580-rc.read.1.tlog
c:\repo\reftest\library1\library1\debug\library1.tlog\link.2580-rc.write.1.tlog
c:\repo\reftest\library1\library1\debug\library1.tlog\link.2580.read.1.tlog
c:\repo\reftest\library1\library1\debug\library1.tlog\link.2580.write.1.tlog
c:\repo\reftest\library1\library1\debug\library1.tlog\link.3548-cvtres.read.1.tlog
c:\repo\reftest\library1\library1\debug\library1.tlog\link.3548-cvtres.write.1.tlog
c:\repo\reftest\library1\library1\debug\library1.tlog\link.3548-rc.read.1.tlog
c:\repo\reftest\library1\library1\debug\library1.tlog\link.3548-rc.write.1.tlog
c:\repo\reftest\library1\library1\debug\library1.tlog\link.3548.read.1.tlog
c:\repo\reftest\library1\library1\debug\library1.tlog\link.3548.write.1.tlog
c:\repo\reftest\library1\library1\debug\library1.tlog\link.4084-cvtres.read.1.tlog
c:\repo\reftest\library1\library1\debug\library1.tlog\link.4084-cvtres.write.1.tlog
c:\repo\reftest\library1\library1\debug\library1.tlog\link.4084-rc.read.1.tlog
c:\repo\reftest\library1\library1\debug\library1.tlog\link.4084-rc.write.1.tlog
c:\repo\reftest\library1\library1\debug\library1.tlog\link.4084.read.1.tlog
c:\repo\reftest\library1\library1\debug\library1.tlog\link.4084.write.1.tlog
c:\repo\reftest\library1\library1\debug\library1.tlog\link.5836-cvtres.read.1.tlog
c:\repo\reftest\library1\library1\debug\library1.tlog\link.5836-cvtres.write.1.tlog
c:\repo\reftest\library1\library1\debug\library1.tlog\link.5836-rc.read.1.tlog
c:\repo\reftest\library1\library1\debug\library1.tlog\link.5836-rc.write.1.tlog
c:\repo\reftest\library1\library1\debug\library1.tlog\link.5836.read.1.tlog
c:\repo\reftest\library1\library1\debug\library1.tlog\link.5836.write.1.tlog
c:\repo\reftest\library1\library1\debug\library1.tlog\link.7880-cvtres.read.1.tlog
c:\repo\reftest\library1\library1\debug\library1.tlog\link.7880-cvtres.write.1.tlog
c:\repo\reftest\library1\library1\debug\library1.tlog\link.7880-rc.read.1.tlog
c:\repo\reftest\library1\library1\debug\library1.tlog\link.7880-rc.write.1.tlog
c:\repo\reftest\library1\library1\debug\library1.tlog\link.7880.read.1.tlog
c:\repo\reftest\library1\library1\debug\library1.tlog\link.7880.write.1.tlog
c:\repo\reftest\library1\library1\debug\library1.tlog\link.command.1.tlog
c:\repo\reftest\library1\library1\debug\library1.tlog\link.read.1.tlog
c:\repo\reftest\library1\library1\debug\library1.tlog\link.write.1.tlog
c:\repo\reftest\library1\library1\debug\library1.tlog\metagen.read.1.tlog
c:\repo\reftest\library1\library1\debug\library1.tlog\metagen.write.1.tlog
c:\repo\reftest\library1\library1\debug\library1.tlog\rc.command.1.tlog
c:\repo\reftest\library1\library1\debug\library1.tlog\rc.read.1.tlog
c:\repo\reftest\library1\library1\debug\library1.tlog\rc.write.1.tlog
c:\repo\reftest\library1\library1\debug\library1.tlog\tzres.dll.bi
